Logfile initialized
[INFO] logfile = /Users/ruhedr/Downloads/MUMAS-master/build.log
[DEBUG] /Users/ruhedr/Library/Application Support/Titanium/mobilesdk/osx/2.1.3.GA/android/builder.py install MUMAS /Users/ruhedr/Documents/Android SDK /Users/ruhedr/Downloads/MUMAS-master edu.muohio.cse383.f12.mumas 4
[INFO] Titanium SDK version: 2.1.3 (10/02/12 16:16 15997d0)
[DEBUG] Waiting for device to be ready ...
[TRACE] adb devices returned 1 devices/emulators
[DEBUG] Device connected... (waited 0 seconds)
[DEBUG] waited 0.062482 seconds on emulator to get ready
[DEBUG] edu.muohio.cse383.f12.mumas installed? False
[INFO] Copying CommonJS modules...
[INFO] Copying project resources..
[INFO] Tiapp.xml unchanged, skipping class generation
[DEBUG] Processing Android resource drawables
[DEBUG] found drawable-long-land-hdpi splash screen at /Users/ruhedr/Downloads/MUMAS-master/Resources/android/images/res-long-land-hdpi/default.png
[DEBUG] found drawable-long-land-ldpi splash screen at /Users/ruhedr/Downloads/MUMAS-master/Resources/android/images/res-long-land-ldpi/default.png
[DEBUG] found drawable-long-port-hdpi splash screen at /Users/ruhedr/Downloads/MUMAS-master/Resources/android/images/res-long-port-hdpi/default.png
[DEBUG] found drawable-long-port-ldpi splash screen at /Users/ruhedr/Downloads/MUMAS-master/Resources/android/images/res-long-port-ldpi/default.png
[DEBUG] found drawable-notlong-land-hdpi splash screen at /Users/ruhedr/Downloads/MUMAS-master/Resources/android/images/res-notlong-land-hdpi/default.png
[DEBUG] found drawable-notlong-land-ldpi splash screen at /Users/ruhedr/Downloads/MUMAS-master/Resources/android/images/res-notlong-land-ldpi/default.png
[DEBUG] found drawable-notlong-land-mdpi splash screen at /Users/ruhedr/Downloads/MUMAS-master/Resources/android/images/res-notlong-land-mdpi/default.png
[DEBUG] found drawable-notlong-port-hdpi splash screen at /Users/ruhedr/Downloads/MUMAS-master/Resources/android/images/res-notlong-port-hdpi/default.png
[DEBUG] found drawable-notlong-port-ldpi splash screen at /Users/ruhedr/Downloads/MUMAS-master/Resources/android/images/res-notlong-port-ldpi/default.png
[DEBUG] found drawable-notlong-port-mdpi splash screen at /Users/ruhedr/Downloads/MUMAS-master/Resources/android/images/res-notlong-port-mdpi/default.png
[DEBUG] creating unsigned apk: /Users/ruhedr/Downloads/MUMAS-master/build/android/bin/app-unsigned.apk
[DEBUG] from resource zip => assets/Resources/database/Favorites.sqlite
[DEBUG] from resource zip => assets/Resources/database/MUMAS.sqlite
[DEBUG] from resource zip => assets/Resources/database/MUMASDB.sqlite
[DEBUG] from resource zip => assets/Resources/database/database.js
[DEBUG] from resource zip => assets/Resources/images/buses/BusStopIcon.png
[DEBUG] from resource zip => assets/Resources/images/buses/bus_blue.png
[DEBUG] from resource zip => assets/Resources/images/buses/bus_green.png
[DEBUG] from resource zip => assets/Resources/images/buses/bus_orange.png
[DEBUG] from resource zip => assets/Resources/images/buses/bus_purple.png
[DEBUG] from resource zip => assets/Resources/images/buses/bus_red.png
[DEBUG] from resource zip => assets/Resources/images/buses/bus_yellow.png
[DEBUG] from resource zip => assets/Resources/images/pins/blue_pin.png
[DEBUG] from resource zip => assets/Resources/images/pins/green_pin.png
[DEBUG] from resource zip => assets/Resources/images/pins/orange_pin.png
[DEBUG] from resource zip => assets/Resources/images/pins/purple_pin.png
[DEBUG] from resource zip => assets/Resources/images/pins/red_pin.png
[DEBUG] from resource zip => assets/Resources/images/pins/yellow_pin.png
[DEBUG] from resource zip => assets/Resources/ui/notifications.js
[DEBUG] from resource zip => assets/Resources/ui/routeSettingsView.js
[DEBUG] from resource zip => assets/Resources/ui/routeSwitch.js
[DEBUG] from resource zip => assets/Resources/ui/routeSwitchView.js
[DEBUG] from resource zip => assets/Resources/ui/routeTickerSettingsView.js
[DEBUG] from resource zip => assets/Resources/ui/settingsWindow.js
[DEBUG] from resource zip => assets/Resources/KS_nav_ui.png
[DEBUG] from resource zip => assets/Resources/KS_nav_views.png
[DEBUG] from resource zip => assets/Resources/app.js
[DEBUG] from resource zip => assets/Resources/appicon.png
[DEBUG] from resource zip => assets/Resources/default.png
[DEBUG] from resource zip => assets/Resources/k-alarm-icon.png
[DEBUG] from resource zip => assets/Resources/ti.cloud.js
[DEBUG] from resource zip => assets/app.json
[DEBUG] from resource zip => assets/index.json
[DEBUG] from resource zip => assets/tiapp.xml
[DEBUG] from resource zip => res/drawable/appicon.png
[DEBUG] from resource zip => res/drawable/background.png
[DEBUG] from resource zip => res/layout/titanium_tabgroup.xml
[DEBUG] from resource zip => AndroidManifest.xml
[DEBUG] from resource zip => resources.arsc
[DEBUG] from resource zip => res/drawable-long-land-hdpi/background.png
[DEBUG] from resource zip => res/drawable-long-land-ldpi/background.png
[DEBUG] from resource zip => res/drawable-long-port-hdpi/background.png
[DEBUG] from resource zip => res/drawable-long-port-ldpi/background.png
[DEBUG] from resource zip => res/drawable-notlong-land-hdpi/background.png
[DEBUG] from resource zip => res/drawable-notlong-land-ldpi/background.png
[DEBUG] from resource zip => res/drawable-notlong-land-mdpi/background.png
[DEBUG] from resource zip => res/drawable-notlong-port-hdpi/background.png
[DEBUG] from resource zip => res/drawable-notlong-port-ldpi/background.png
[DEBUG] from resource zip => res/drawable-notlong-port-mdpi/background.png
[DEBUG] from JAR /Users/ruhedr/Library/Application Support/Titanium/mobilesdk/osx/2.1.3.GA/android/thirdparty.jar => org/apache/Commons-NOTICE.txt
[DEBUG] from JAR /Users/ruhedr/Library/Application Support/Titanium/mobilesdk/osx/2.1.3.GA/android/thirdparty.jar => org/apache/HttpComponents-NOTICE.txt
[DEBUG] from JAR /Users/ruhedr/Library/Application Support/Titanium/mobilesdk/osx/2.1.3.GA/android/thirdparty.jar => org/apache/mime4j-NOTICE.txt
[DEBUG] from JAR /Users/ruhedr/Library/Application Support/Titanium/mobilesdk/osx/2.1.3.GA/android/modules/titanium-ui.jar => ti/modules/titanium/ui/widget/webview/binding.js
[DEBUG] from JAR /Users/ruhedr/Library/Application Support/Titanium/mobilesdk/osx/2.1.3.GA/android/modules/titanium-ui.jar => ti/modules/titanium/ui/widget/webview/binding.min.js
[DEBUG] from JAR /Users/ruhedr/Library/Application Support/Titanium/mobilesdk/osx/2.1.3.GA/android/modules/titanium-ui.jar => ti/modules/titanium/ui/widget/webview/json2.js
[DEBUG] from JAR /Users/ruhedr/Library/Application Support/Titanium/mobilesdk/osx/2.1.3.GA/android/modules/titanium-ui.jar => ti/modules/titanium/ui/widget/webview/polling.js
[DEBUG] from JAR /Users/ruhedr/Library/Application Support/Titanium/mobilesdk/osx/2.1.3.GA/android/modules/titanium-ui.jar => ti/modules/titanium/ui/widget/webview/polling.min.js
[DEBUG] from JAR /Users/ruhedr/Library/Application Support/Titanium/mobilesdk/osx/2.1.3.GA/android/titanium.jar => org/appcelerator/titanium/build.properties
[DEBUG] from JAR /Users/ruhedr/Library/Application Support/Titanium/mobilesdk/osx/2.1.3.GA/android/titanium.jar => org/appcelerator/titanium/res/drawable/background.png
[DEBUG] from JAR /Users/ruhedr/Library/Application Support/Titanium/mobilesdk/osx/2.1.3.GA/android/titanium.jar => org/appcelerator/titanium/res/drawable/btn_check_buttonless_on.png
[DEBUG] from JAR /Users/ruhedr/Library/Application Support/Titanium/mobilesdk/osx/2.1.3.GA/android/titanium.jar => org/appcelerator/titanium/res/drawable/btn_check_buttonless_on_18.png
[DEBUG] from JAR /Users/ruhedr/Library/Application Support/Titanium/mobilesdk/osx/2.1.3.GA/android/titanium.jar => org/appcelerator/titanium/res/drawable/btn_check_buttonless_on_48.png
[DEBUG] from JAR /Users/ruhedr/Library/Application Support/Titanium/mobilesdk/osx/2.1.3.GA/android/titanium.jar => org/appcelerator/titanium/res/drawable/btn_more.png
[DEBUG] from JAR /Users/ruhedr/Library/Application Support/Titanium/mobilesdk/osx/2.1.3.GA/android/titanium.jar => org/appcelerator/titanium/res/drawable/btn_more_18.png
[DEBUG] from JAR /Users/ruhedr/Library/Application Support/Titanium/mobilesdk/osx/2.1.3.GA/android/titanium.jar => org/appcelerator/titanium/res/drawable/btn_more_48.png
[DEBUG] from JAR /Users/ruhedr/Library/Application Support/Titanium/mobilesdk/osx/2.1.3.GA/android/titanium.jar => org/appcelerator/titanium/res/drawable/btn_picker_normal.9.png
[DEBUG] from JAR /Users/ruhedr/Library/Application Support/Titanium/mobilesdk/osx/2.1.3.GA/android/titanium.jar => org/appcelerator/titanium/res/drawable/btn_picker_pressed.9.png
[DEBUG] from JAR /Users/ruhedr/Library/Application Support/Titanium/mobilesdk/osx/2.1.3.GA/android/titanium.jar => org/appcelerator/titanium/res/drawable/btn_picker_selected.9.png
[DEBUG] from JAR /Users/ruhedr/Library/Application Support/Titanium/mobilesdk/osx/2.1.3.GA/android/titanium.jar => org/appcelerator/titanium/res/drawable/default_icon.png
[DEBUG] from JAR /Users/ruhedr/Library/Application Support/Titanium/mobilesdk/osx/2.1.3.GA/android/titanium.jar => org/appcelerator/titanium/res/drawable/photoDefault.png
[DEBUG] installing native SDK libs
[DEBUG] Waiting for device to be ready ...
[TRACE] adb devices returned 1 devices/emulators
[DEBUG] Device connected... (waited 0 seconds)
[DEBUG] waited 0.022991 seconds on emulator to get ready
[INFO] Installing application on device
[INFO] Application installed. Launch from drawer on Home Screen
